/users/glara/Carbohidrate_ligand/Sucrose-PBAs/Solvent/HostDesigner/ab-initio_screening/molecules_screening/geometries_screen/Sucrose-DBA_ga_screening
submitit WARNING (2024-04-03 17:00:35,021) - Call #1 - Bypassing sacct error Command '['sacct', '-o', 'JobID,State,NodeList', '--parsable2', '-j', '71436']' returned non-zero exit status 1., status may be inaccurate.
submitit WARNING (2024-04-03 17:00:37,038) - Call #2 - Bypassing sacct error Command '['sacct', '-o', 'JobID,State,NodeList', '--parsable2', '-j', '71436']' returned non-zero exit status 1., status may be inaccurate.
submitit WARNING (2024-04-03 17:00:40,056) - Call #3 - Bypassing sacct error Command '['sacct', '-o', 'JobID,State,NodeList', '--parsable2', '-j', '71436']' returned non-zero exit status 1., status may be inaccurate.
submitit WARNING (2024-04-03 17:00:46,086) - Call #4 - Bypassing sacct error Command '['sacct', '-o', 'JobID,State,NodeList', '--parsable2', '-j', '71436']' returned non-zero exit status 1., status may be inaccurate.
submitit WARNING (2024-04-03 17:00:58,131) - Call #5 - Bypassing sacct error Command '['sacct', '-o', 'JobID,State,NodeList', '--parsable2', '-j', '71436']' returned non-zero exit status 1., status may be inaccurate.
submitit WARNING (2024-04-03 17:01:22,220) - Call #6 - Bypassing sacct error Command '['sacct', '-o', 'JobID,State,NodeList', '--parsable2', '-j', '71436']' returned non-zero exit status 1., status may be inaccurate.
submitit WARNING (2024-04-03 17:02:10,408) - Call #7 - Bypassing sacct error Command '['sacct', '-o', 'JobID,State,NodeList', '--parsable2', '-j', '71436']' returned non-zero exit status 1., status may be inaccurate.

Generation 0
idx       normalized fitness     score        energy    sa score  smiles
------  --------------------  --------  ------------  ----------  --------------------------------------------------------------------
(0, 7)             0.1875     -99.6627   -4.40484       0.954579  Cc1ccc(CNC(=O)c2ccccc2NC(=O)[C@@H]2CC(=O)N(c3ccc(C)cc3)C2)cc1
(0, 0)             0.169643   -92.7798    0.696767      0.934308  N#Cc1ccc(-c2ccc(O[C@@H](C(=O)N3CCCC3)c3ccccc3)cc2)cc1
(0, 5)             0.151786   -77.8503   -4.79244       0.7429    O=C(N1CCc2c(F)ccc(F)c2C1)C1(O)Cc2ccccc2C1
(0, 1)             0.133929   -75.3764  -13.8514        0.66206   CCOC(=O)[C@@H]1CCCN(C(=O)c2nc(-c3ccc(C)cc3)n3c2CCCCC3)C1
(0, 2)             0.116071   -63.4665    0.00932972    0.634724  COc1ccc(C(=O)N(C)[C@@H](C)C/C(N)=N/O)cc1O
(0, 6)             0.0982143  -36.5405   15.0863        0.430325  CCCc1cc(NC(=O)CN2C(=O)NC3(CCC(C)CC3)C2=O)n(C)n1
(0, 4)             0.0803571  -31.3127   11.0322        0.351956  CCOc1ccc(OCC)c([C@H]2C(C#N)=C(N)N(c3ccccc3C(F)(F)F)C3=C2C(=O)CCC3)c1
(0, 3)             0.0625     -28.7784   -8.03671       0.266376  C[C@@H]1CN(C(=O)c2cc(Br)cn2C)CC[C@H]1[NH3+]
submitit WARNING (2024-04-03 17:02:47,060) - Call #8 - Bypassing sacct error Command '['sacct', '-o', 'JobID,State,NodeList', '--parsable2', '-j', '71444', '-j', '71436']' returned non-zero exit status 1., status may be inaccurate.
submitit WARNING (2024-04-03 17:02:49,076) - Call #9 - Bypassing sacct error Command '['sacct', '-o', 'JobID,State,NodeList', '--parsable2', '-j', '71444', '-j', '71436']' returned non-zero exit status 1., status may be inaccurate.
submitit WARNING (2024-04-03 17:02:52,094) - Call #10 - Bypassing sacct error Command '['sacct', '-o', 'JobID,State,NodeList', '--parsable2', '-j', '71444', '-j', '71436']' returned non-zero exit status 1., status may be inaccurate.
submitit WARNING (2024-04-03 17:02:58,162) - Call #11 - Bypassing sacct error Command '['sacct', '-o', 'JobID,State,NodeList', '--parsable2', '-j', '71444', '-j', '71436']' returned non-zero exit status 1., status may be inaccurate.
submitit WARNING (2024-04-03 17:03:10,218) - Call #12 - Bypassing sacct error Command '['sacct', '-o', 'JobID,State,NodeList', '--parsable2', '-j', '71444', '-j', '71436']' returned non-zero exit status 1., status may be inaccurate.

Generation 1
idx       normalized fitness      score        energy    sa score  smiles
------  --------------------  ---------  ------------  ----------  -------------------------------------------------------------
(1, 6)             0.1875     -101.798   -28.8409        0.79011   CCON1CCCC1
(0, 7)             0.169643    -99.6627   -4.40484       0.954579  Cc1ccc(CNC(=O)c2ccccc2NC(=O)[C@@H]2CC(=O)N(c3ccc(C)cc3)C2)cc1
(1, 0)             0.151786    -92.895    -4.21146       0.891408  FC(F)(F)N1CCCC1
(0, 0)             0.133929    -92.7798    0.696767      0.934308  N#Cc1ccc(-c2ccc(O[C@@H](C(=O)N3CCCC3)c3ccccc3)cc2)cc1
(1, 3)             0.116071    -83.3782    6.6357        0.893041  O=C(F)N1CCCC1
(0, 5)             0.0982143   -77.8503   -4.79244       0.7429    O=C(N1CCc2c(F)ccc(F)c2C1)C1(O)Cc2ccccc2C1
(0, 1)             0.0803571   -75.3764  -13.8514        0.66206   CCOC(=O)[C@@H]1CCCN(C(=O)c2nc(-c3ccc(C)cc3)n3c2CCCCC3)C1
(0, 2)             0.0625      -63.4665    0.00932972    0.634724  COc1ccc(C(=O)N(C)[C@@H](C)C/C(N)=N/O)cc1O
submitit WARNING (2024-04-03 17:03:29,699) - Call #13 - Bypassing sacct error Command '['sacct', '-o', 'JobID,State,NodeList', '--parsable2', '-j', '71444', '-j', '71436', '-j', '71452']' returned non-zero exit status 1., status may be inaccurate.
submitit WARNING (2024-04-03 17:03:31,732) - Call #14 - Bypassing sacct error Command '['sacct', '-o', 'JobID,State,NodeList', '--parsable2', '-j', '71444', '-j', '71436', '-j', '71452']' returned non-zero exit status 1., status may be inaccurate.
submitit WARNING (2024-04-03 17:03:34,751) - Call #15 - Bypassing sacct error Command '['sacct', '-o', 'JobID,State,NodeList', '--parsable2', '-j', '71444', '-j', '71436', '-j', '71452']' returned non-zero exit status 1., status may be inaccurate.
submitit WARNING (2024-04-03 17:03:40,785) - Call #16 - Bypassing sacct error Command '['sacct', '-o', 'JobID,State,NodeList', '--parsable2', '-j', '71444', '-j', '71436', '-j', '71452']' returned non-zero exit status 1., status may be inaccurate.

Generation 2
idx       normalized fitness      score      energy    sa score  smiles
------  --------------------  ---------  ----------  ----------  -------------------------------------------------------------
(2, 6)             0.1875     -124.585   -24.5851      1         c1ccc(N2CCCC2)cc1
(2, 7)             0.169643   -110.786   -26.6664      0.874626  CON1CCCC1
(2, 4)             0.151786   -102.717   -37.3589      0.747797  NN1CCCC1
(1, 6)             0.133929   -101.798   -28.8409      0.79011   CCON1CCCC1
(0, 7)             0.116071    -99.6627   -4.40484     0.954579  Cc1ccc(CNC(=O)c2ccccc2NC(=O)[C@@H]2CC(=O)N(c3ccc(C)cc3)C2)cc1
(1, 0)             0.0982143   -92.895    -4.21146     0.891408  FC(F)(F)N1CCCC1
(0, 0)             0.0803571   -92.7798    0.696767    0.934308  N#Cc1ccc(-c2ccc(O[C@@H](C(=O)N3CCCC3)c3ccccc3)cc2)cc1
(2, 5)             0.0625      -86.2568    3.81004     0.896734  N#CC(=O)N1CCCC1
submitit WARNING (2024-04-03 17:03:45,340) - Call #17 - Bypassing sacct error Command '['sacct', '-o', 'JobID,State,NodeList', '--parsable2', '-j', '71444', '-j', '71436', '-j', '71452', '-j', '71460']' returned non-zero exit status 1., status may be inaccurate.
submitit WARNING (2024-04-03 17:03:47,355) - Call #18 - Bypassing sacct error Command '['sacct', '-o', 'JobID,State,NodeList', '--parsable2', '-j', '71444', '-j', '71436', '-j', '71452', '-j', '71460']' returned non-zero exit status 1., status may be inaccurate.
submitit WARNING (2024-04-03 17:03:50,374) - Call #19 - Bypassing sacct error Command '['sacct', '-o', 'JobID,State,NodeList', '--parsable2', '-j', '71444', '-j', '71436', '-j', '71452', '-j', '71460']' returned non-zero exit status 1., status may be inaccurate.
submitit WARNING (2024-04-03 17:03:56,401) - Call #20 - Bypassing sacct error Command '['sacct', '-o', 'JobID,State,NodeList', '--parsable2', '-j', '71444', '-j', '71436', '-j', '71452', '-j', '71460']' returned non-zero exit status 1., status may be inaccurate.
submitit WARNING (2024-04-03 17:04:08,471) - Call #21 - Bypassing sacct error Command '['sacct', '-o', 'JobID,State,NodeList', '--parsable2', '-j', '71444', '-j', '71436', '-j', '71452', '-j', '71460']' returned non-zero exit status 1., status may be inaccurate.

Generation 3
idx       normalized fitness     score     energy    sa score  smiles
------  --------------------  --------  ---------  ----------  --------------------
(3, 4)             0.1875     -136.901  -36.9007     1         CCN1CCCC1
(3, 6)             0.169643   -133.157  -33.1573     1         Cc1ccc(CNN2CCCC2)cc1
(3, 0)             0.151786   -126.534  -26.5336     1         c1ccc(NN2CCCC2)cc1
(2, 6)             0.133929   -124.585  -24.5851     1         c1ccc(N2CCCC2)cc1
(2, 7)             0.116071   -110.786  -26.6664     0.874626  CON1CCCC1
(3, 2)             0.0982143  -108.579   -8.57894    1         CC(=O)N1CCCC1
(2, 4)             0.0803571  -102.717  -37.3589     0.747797  NN1CCCC1
(1, 6)             0.0625     -101.798  -28.8409     0.79011   CCON1CCCC1
submitit WARNING (2024-04-03 17:04:10,783) - Call #22 - Bypassing sacct error Command '['sacct', '-o', 'JobID,State,NodeList', '--parsable2', '-j', '71468', '-j', '71436', '-j', '71452', '-j', '71460', '-j', '71444']' returned non-zero exit status 1., status may be inaccurate.
submitit WARNING (2024-04-03 17:04:12,798) - Call #23 - Bypassing sacct error Command '['sacct', '-o', 'JobID,State,NodeList', '--parsable2', '-j', '71468', '-j', '71436', '-j', '71452', '-j', '71460', '-j', '71444']' returned non-zero exit status 1., status may be inaccurate.
submitit WARNING (2024-04-03 17:04:15,815) - Call #24 - Bypassing sacct error Command '['sacct', '-o', 'JobID,State,NodeList', '--parsable2', '-j', '71468', '-j', '71436', '-j', '71452', '-j', '71460', '-j', '71444']' returned non-zero exit status 1., status may be inaccurate.
submitit WARNING (2024-04-03 17:04:21,847) - Call #25 - Bypassing sacct error Command '['sacct', '-o', 'JobID,State,NodeList', '--parsable2', '-j', '71468', '-j', '71436', '-j', '71452', '-j', '71460', '-j', '71444']' returned non-zero exit status 1., status may be inaccurate.
submitit WARNING (2024-04-03 17:04:33,905) - Call #26 - Bypassing sacct error Command '['sacct', '-o', 'JobID,State,NodeList', '--parsable2', '-j', '71468', '-j', '71436', '-j', '71452', '-j', '71460', '-j', '71444']' returned non-zero exit status 1., status may be inaccurate.

Generation 4
idx       normalized fitness     score    energy    sa score  smiles
------  --------------------  --------  --------  ----------  ---------------------
(4, 2)             0.1875     -137.539  -37.5386    1         CN1CCCC1
(3, 4)             0.169643   -136.901  -36.9007    1         CCN1CCCC1
(4, 1)             0.151786   -135.856  -35.8562    1         OCN1CCCC1
(3, 6)             0.133929   -133.157  -33.1573    1         Cc1ccc(CNN2CCCC2)cc1
(4, 0)             0.116071   -127.508  -32.8481    0.959802  Cc1ccc(CNNN2CCCC2)cc1
(3, 0)             0.0982143  -126.534  -26.5336    1         c1ccc(NN2CCCC2)cc1
(4, 4)             0.0803571  -126.195  -26.1946    1         Cc1ccc(N2CCCC2)cc1
(2, 6)             0.0625     -124.585  -24.5851    1         c1ccc(N2CCCC2)cc1
submitit WARNING (2024-04-03 17:04:57,258) - Call #27 - Bypassing sacct error Command '['sacct', '-o', 'JobID,State,NodeList', '--parsable2', '-j', '71468', '-j', '71436', '-j', '71452', '-j', '71460', '-j', '71444', '-j', '71476']' returned non-zero exit status 1., status may be inaccurate.
submitit WARNING (2024-04-03 17:04:59,274) - Call #28 - Bypassing sacct error Command '['sacct', '-o', 'JobID,State,NodeList', '--parsable2', '-j', '71468', '-j', '71436', '-j', '71452', '-j', '71460', '-j', '71444', '-j', '71476']' returned non-zero exit status 1., status may be inaccurate.
submitit WARNING (2024-04-03 17:05:02,292) - Call #29 - Bypassing sacct error Command '['sacct', '-o', 'JobID,State,NodeList', '--parsable2', '-j', '71468', '-j', '71436', '-j', '71452', '-j', '71460', '-j', '71444', '-j', '71476']' returned non-zero exit status 1., status may be inaccurate.
submitit WARNING (2024-04-03 17:05:08,342) - Call #30 - Bypassing sacct error Command '['sacct', '-o', 'JobID,State,NodeList', '--parsable2', '-j', '71468', '-j', '71436', '-j', '71452', '-j', '71460', '-j', '71444', '-j', '71476']' returned non-zero exit status 1., status may be inaccurate.
submitit WARNING (2024-04-03 17:05:20,391) - Call #31 - Bypassing sacct error Command '['sacct', '-o', 'JobID,State,NodeList', '--parsable2', '-j', '71468', '-j', '71436', '-j', '71452', '-j', '71460', '-j', '71444', '-j', '71476']' returned non-zero exit status 1., status may be inaccurate.

Generation 5
idx       normalized fitness     score    energy    sa score  smiles
------  --------------------  --------  --------  ----------  ---------------------
(4, 2)             0.1875     -137.539  -37.5386    1         CN1CCCC1
(3, 4)             0.169643   -136.901  -36.9007    1         CCN1CCCC1
(4, 1)             0.151786   -135.856  -35.8562    1         OCN1CCCC1
(3, 6)             0.133929   -133.157  -33.1573    1         Cc1ccc(CNN2CCCC2)cc1
(4, 0)             0.116071   -127.508  -32.8481    0.959802  Cc1ccc(CNNN2CCCC2)cc1
(3, 0)             0.0982143  -126.534  -26.5336    1         c1ccc(NN2CCCC2)cc1
(4, 4)             0.0803571  -126.195  -26.1946    1         Cc1ccc(N2CCCC2)cc1
(2, 6)             0.0625     -124.585  -24.5851    1         c1ccc(N2CCCC2)cc1
